<?xml version="1.0" encoding="UTF-8"?>
<testsuite name="MainTest" tests="1" skipped="0" failures="0" errors="0" timestamp="2022-03-10T17:46:05" hostname="DESKTOP-C4890Q1" time="0.022">
  <properties/>
  <testcase name="exception()" classname="MainTest" time="0.022"/>
  <system-out><![CDATA[]]></system-out>
  <system-err><![CDATA[]]></system-err>
</testsuite>
